The target system is: Android - 19 - armv7-a
The host system is: Darwin - 16.6.0 - x86_64
Determining if the C compiler works passed with the following output:
Change Dir: /Users/wangmingyong/AndroidStudioProjects/jrtp-ffmpeg-camera/app/.externalNativeBuild/cmake/release/armeabi-v7a/CMakeFiles/CMakeTmp

Run Build Command:"/Users/wangmingyong/android/sdk/cmake/3.6.4111459/bin/ninja" "cmTC_30106"
[1/2] Building C object CMakeFiles/cmTC_30106.dir/testCCompiler.c.o
[2/2] Linking C executable cmTC_30106


Detecting C compiler ABI info compiled with the following output:
Change Dir: /Users/wangmingyong/AndroidStudioProjects/jrtp-ffmpeg-camera/app/.externalNativeBuild/cmake/release/armeabi-v7a/CMakeFiles/CMakeTmp

Run Build Command:"/Users/wangmingyong/android/sdk/cmake/3.6.4111459/bin/ninja" "cmTC_78aa2"
[1/2] Building C object CMakeFiles/cmTC_78aa2.dir/CMakeCCompilerABI.c.o
[2/2] Linking C executable cmTC_78aa2
Android clang version 5.0.300080  (based on LLVM 5.0.300080)
Target: armv7-none-linux-android
Thread model: posix
InstalledDir: /Users/wangmingyong/android/sdk/ndk-bundle/toolchains/llvm/prebuilt/darwin-x86_64/bin
Found candidate GCC installation: /Users/wangmingyong/android/sdk/ndk-bundle/toolchains/arm-linux-androideabi-4.9/prebuilt/darwin-x86_64/lib/gcc/arm-linux-androideabi/4.9.x
Selected GCC installation: /Users/wangmingyong/android/sdk/ndk-bundle/toolchains/arm-linux-androideabi-4.9/prebuilt/darwin-x86_64/lib/gcc/arm-linux-androideabi/4.9.x
Candidate multilib: thumb;@thumb
Candidate multilib: armv7-a;@armv7
Candidate multilib: armv7-a/thumb;@armv7@thumb
Candidate multilib: .;
Selected multilib: armv7-a/thumb;@armv7@thumb
 "/Users/wangmingyong/android/sdk/ndk-bundle/toolchains/arm-linux-androideabi-4.9/prebuilt/darwin-x86_64/lib/gcc/arm-linux-androideabi/4.9.x/../../../../arm-linux-androideabi/bin/ld" --sysroot=/Users/wangmingyong/android/sdk/ndk-bundle/platforms/android-19/arch-arm -pie -X --eh-frame-hdr -m armelf_linux_eabi -dynamic-linker /system/bin/linker -o cmTC_78aa2 /Users/wangmingyong/android/sdk/ndk-bundle/platforms/android-19/arch-arm/usr/lib/../lib/crtbegin_dynamic.o -L/Users/wangmingyong/android/sdk/ndk-bundle/toolchains/llvm/prebuilt/darwin-x86_64/lib64/clang/5.0.300080/lib/linux/arm -L/Users/wangmingyong/android/sdk/ndk-bundle/toolchains/arm-linux-androideabi-4.9/prebuilt/darwin-x86_64/lib/gcc/arm-linux-androideabi/4.9.x/armv7-a/thumb -L/Users/wangmingyong/android/sdk/ndk-bundle/toolchains/arm-linux-androideabi-4.9/prebuilt/darwin-x86_64/lib/gcc/arm-linux-androideabi/4.9.x/../../../../arm-linux-androideabi/lib/../lib/armv7-a/thumb -L/Users/wangmingyong/android/sdk/ndk-bundle/platforms/android-19/arch-arm/usr/lib/../lib -L/Users/wangmingyong/android/sdk/ndk-bundle/toolchains/arm-linux-androideabi-4.9/prebuilt/darwin-x86_64/lib/gcc/arm-linux-androideabi/4.9.x/../../../../arm-linux-androideabi/lib/armv7-a/thumb -L/Users/wangmingyong/android/sdk/ndk-bundle/platforms/android-19/arch-arm/usr/lib --exclude-libs libgcc.a --build-id --warn-shared-textrel --fatal-warnings --fix-cortex-a8 --no-undefined -z noexecstack -z relro -z now --gc-sections -z nocopyreloc CMakeFiles/cmTC_78aa2.dir/CMakeCCompilerABI.c.o -lgcc -ldl -lc -lgcc -ldl /Users/wangmingyong/android/sdk/ndk-bundle/platforms/android-19/arch-arm/usr/lib/../lib/crtend_android.o


Parsed C implicit link information from above output:
  link line regex: [^( *|.*[/\])(arm-linux-androideabi-ld|([^/\]+-)?ld|collect2)[^/\]*( |$)]
  ignore line: [Change Dir: /Users/wangmingyong/AndroidStudioProjects/jrtp-ffmpeg-camera/app/.externalNativeBuild/cmake/release/armeabi-v7a/CMakeFiles/CMakeTmp]
  ignore line: []
  ignore line: [Run Build Command:"/Users/wangmingyong/android/sdk/cmake/3.6.4111459/bin/ninja" "cmTC_78aa2"]
  ignore line: [[1/2] Building C object CMakeFiles/cmTC_78aa2.dir/CMakeCCompilerABI.c.o]
  ignore line: [[2/2] Linking C executable cmTC_78aa2]
  ignore line: [Android clang version 5.0.300080  (based on LLVM 5.0.300080)]
  ignore line: [Target: armv7-none-linux-android]
  ignore line: [Thread model: posix]
  ignore line: [InstalledDir: /Users/wangmingyong/android/sdk/ndk-bundle/toolchains/llvm/prebuilt/darwin-x86_64/bin]
  ignore line: [Found candidate GCC installation: /Users/wangmingyong/android/sdk/ndk-bundle/toolchains/arm-linux-androideabi-4.9/prebuilt/darwin-x86_64/lib/gcc/arm-linux-androideabi/4.9.x]
  ignore line: [Selected GCC installation: /Users/wangmingyong/android/sdk/ndk-bundle/toolchains/arm-linux-androideabi-4.9/prebuilt/darwin-x86_64/lib/gcc/arm-linux-androideabi/4.9.x]
  ignore line: [Candidate multilib: thumb]
  ignore line: [@thumb]
  ignore line: [Candidate multilib: armv7-a]
  ignore line: [@armv7]
  ignore line: [Candidate multilib: armv7-a/thumb]
  ignore line: [@armv7@thumb]
  ignore line: [Candidate multilib: .]
  ignore line: []
  ignore line: [Selected multilib: armv7-a/thumb]
  ignore line: [@armv7@thumb]
  link line: [ "/Users/wangmingyong/android/sdk/ndk-bundle/toolchains/arm-linux-androideabi-4.9/prebuilt/darwin-x86_64/lib/gcc/arm-linux-androideabi/4.9.x/../../../../arm-linux-androideabi/bin/ld" --sysroot=/Users/wangmingyong/android/sdk/ndk-bundle/platforms/android-19/arch-arm -pie -X --eh-frame-hdr -m armelf_linux_eabi -dynamic-linker /system/bin/linker -o cmTC_78aa2 /Users/wangmingyong/android/sdk/ndk-bundle/platforms/android-19/arch-arm/usr/lib/../lib/crtbegin_dynamic.o -L/Users/wangmingyong/android/sdk/ndk-bundle/toolchains/llvm/prebuilt/darwin-x86_64/lib64/clang/5.0.300080/lib/linux/arm -L/Users/wangmingyong/android/sdk/ndk-bundle/toolchains/arm-linux-androideabi-4.9/prebuilt/darwin-x86_64/lib/gcc/arm-linux-androideabi/4.9.x/armv7-a/thumb -L/Users/wangmingyong/android/sdk/ndk-bundle/toolchains/arm-linux-androideabi-4.9/prebuilt/darwin-x86_64/lib/gcc/arm-linux-androideabi/4.9.x/../../../../arm-linux-androideabi/lib/../lib/armv7-a/thumb -L/Users/wangmingyong/android/sdk/ndk-bundle/platforms/android-19/arch-arm/usr/lib/../lib -L/Users/wangmingyong/android/sdk/ndk-bundle/toolchains/arm-linux-androideabi-4.9/prebuilt/darwin-x86_64/lib/gcc/arm-linux-androideabi/4.9.x/../../../../arm-linux-androideabi/lib/armv7-a/thumb -L/Users/wangmingyong/android/sdk/ndk-bundle/platforms/android-19/arch-arm/usr/lib --exclude-libs libgcc.a --build-id --warn-shared-textrel --fatal-warnings --fix-cortex-a8 --no-undefined -z noexecstack -z relro -z now --gc-sections -z nocopyreloc CMakeFiles/cmTC_78aa2.dir/CMakeCCompilerABI.c.o -lgcc -ldl -lc -lgcc -ldl /Users/wangmingyong/android/sdk/ndk-bundle/platforms/android-19/arch-arm/usr/lib/../lib/crtend_android.o]
    arg [/Users/wangmingyong/android/sdk/ndk-bundle/toolchains/arm-linux-androideabi-4.9/prebuilt/darwin-x86_64/lib/gcc/arm-linux-androideabi/4.9.x/../../../../arm-linux-androideabi/bin/ld] ==> ignore
    arg [--sysroot=/Users/wangmingyong/android/sdk/ndk-bundle/platforms/android-19/arch-arm] ==> ignore
    arg [-pie] ==> ignore
    arg [-X] ==> ignore
    arg [--eh-frame-hdr] ==> ignore
    arg [-m] ==> ignore
    arg [armelf_linux_eabi] ==> ignore
    arg [-dynamic-linker] ==> ignore
    arg [/system/bin/linker] ==> ignore
    arg [-o] ==> ignore
    arg [cmTC_78aa2] ==> ignore
    arg [/Users/wangmingyong/android/sdk/ndk-bundle/platforms/android-19/arch-arm/usr/lib/../lib/crtbegin_dynamic.o] ==> ignore
    arg [-L/Users/wangmingyong/android/sdk/ndk-bundle/toolchains/llvm/prebuilt/darwin-x86_64/lib64/clang/5.0.300080/lib/linux/arm] ==> dir [/Users/wangmingyong/android/sdk/ndk-bundle/toolchains/llvm/prebuilt/darwin-x86_64/lib64/clang/5.0.300080/lib/linux/arm]
    arg [-L/Users/wangmingyong/android/sdk/ndk-bundle/toolchains/arm-linux-androideabi-4.9/prebuilt/darwin-x86_64/lib/gcc/arm-linux-androideabi/4.9.x/armv7-a/thumb] ==> dir [/Users/wangmingyong/android/sdk/ndk-bundle/toolchains/arm-linux-androideabi-4.9/prebuilt/darwin-x86_64/lib/gcc/arm-linux-androideabi/4.9.x/armv7-a/thumb]
    arg [-L/Users/wangmingyong/android/sdk/ndk-bundle/toolchains/arm-linux-androideabi-4.9/prebuilt/darwin-x86_64/lib/gcc/arm-linux-androideabi/4.9.x/../../../../arm-linux-androideabi/lib/../lib/armv7-a/thumb] ==> dir [/Users/wangmingyong/android/sdk/ndk-bundle/toolchains/arm-linux-androideabi-4.9/prebuilt/darwin-x86_64/lib/gcc/arm-linux-androideabi/4.9.x/../../../../arm-linux-androideabi/lib/../lib/armv7-a/thumb]
    arg [-L/Users/wangmingyong/android/sdk/ndk-bundle/platforms/android-19/arch-arm/usr/lib/../lib] ==> dir [/Users/wangmingyong/android/sdk/ndk-bundle/platforms/android-19/arch-arm/usr/lib/../lib]
    arg [-L/Users/wangmingyong/android/sdk/ndk-bundle/toolchains/arm-linux-androideabi-4.9/prebuilt/darwin-x86_64/lib/gcc/arm-linux-androideabi/4.9.x/../../../../arm-linux-androideabi/lib/armv7-a/thumb] ==> dir [/Users/wangmingyong/android/sdk/ndk-bundle/toolchains/arm-linux-androideabi-4.9/prebuilt/darwin-x86_64/lib/gcc/arm-linux-androideabi/4.9.x/../../../../arm-linux-androideabi/lib/armv7-a/thumb]
    arg [-L/Users/wangmingyong/android/sdk/ndk-bundle/platforms/android-19/arch-arm/usr/lib] ==> dir [/Users/wangmingyong/android/sdk/ndk-bundle/platforms/android-19/arch-arm/usr/lib]
    arg [--exclude-libs] ==> ignore
    arg [libgcc.a] ==> ignore
    arg [--build-id] ==> ignore
    arg [--warn-shared-textrel] ==> ignore
    arg [--fatal-warnings] ==> ignore
    arg [--fix-cortex-a8] ==> ignore
    arg [--no-undefined] ==> ignore
    arg [-znoexecstack] ==> ignore
    arg [-zrelro] ==> ignore
    arg [-znow] ==> ignore
    arg [--gc-sections] ==> ignore
    arg [-znocopyreloc] ==> ignore
    arg [CMakeFiles/cmTC_78aa2.dir/CMakeCCompilerABI.c.o] ==> ignore
    arg [-lgcc] ==> lib [gcc]
    arg [-ldl] ==> lib [dl]
    arg [-lc] ==> lib [c]
    arg [-lgcc] ==> lib [gcc]
    arg [-ldl] ==> lib [dl]
    arg [/Users/wangmingyong/android/sdk/ndk-bundle/platforms/android-19/arch-arm/usr/lib/../lib/crtend_android.o] ==> ignore
  remove lib [gcc]
  remove lib [gcc]
  collapse library dir [/Users/wangmingyong/android/sdk/ndk-bundle/toolchains/llvm/prebuilt/darwin-x86_64/lib64/clang/5.0.300080/lib/linux/arm] ==> [/Users/wangmingyong/android/sdk/ndk-bundle/toolchains/llvm/prebuilt/darwin-x86_64/lib64/clang/5.0.300080/lib/linux/arm]
  collapse library dir [/Users/wangmingyong/android/sdk/ndk-bundle/toolchains/arm-linux-androideabi-4.9/prebuilt/darwin-x86_64/lib/gcc/arm-linux-androideabi/4.9.x/armv7-a/thumb] ==> [/Users/wangmingyong/android/sdk/ndk-bundle/toolchains/arm-linux-androideabi-4.9/prebuilt/darwin-x86_64/lib/gcc/arm-linux-androideabi/4.9.x/armv7-a/thumb]
  collapse library dir [/Users/wangmingyong/android/sdk/ndk-bundle/toolchains/arm-linux-androideabi-4.9/prebuilt/darwin-x86_64/lib/gcc/arm-linux-androideabi/4.9.x/../../../../arm-linux-androideabi/lib/../lib/armv7-a/thumb] ==> [/Users/wangmingyong/android/sdk/ndk-bundle/toolchains/arm-linux-androideabi-4.9/prebuilt/darwin-x86_64/arm-linux-androideabi/lib/armv7-a/thumb]
  collapse library dir [/Users/wangmingyong/android/sdk/ndk-bundle/platforms/android-19/arch-arm/usr/lib/../lib] ==> [/Users/wangmingyong/android/sdk/ndk-bundle/platforms/android-19/arch-arm/usr/lib]
  collapse library dir [/Users/wangmingyong/android/sdk/ndk-bundle/toolchains/arm-linux-androideabi-4.9/prebuilt/darwin-x86_64/lib/gcc/arm-linux-androideabi/4.9.x/../../../../arm-linux-androideabi/lib/armv7-a/thumb] ==> [/Users/wangmingyong/android/sdk/ndk-bundle/toolchains/arm-linux-androideabi-4.9/prebuilt/darwin-x86_64/arm-linux-androideabi/lib/armv7-a/thumb]
  collapse library dir [/Users/wangmingyong/android/sdk/ndk-bundle/platforms/android-19/arch-arm/usr/lib] ==> [/Users/wangmingyong/android/sdk/ndk-bundle/platforms/android-19/arch-arm/usr/lib]
  implicit libs: [dl;c;dl]
  implicit dirs: [/Users/wangmingyong/android/sdk/ndk-bundle/toolchains/llvm/prebuilt/darwin-x86_64/lib64/clang/5.0.300080/lib/linux/arm;/Users/wangmingyong/android/sdk/ndk-bundle/toolchains/arm-linux-androideabi-4.9/prebuilt/darwin-x86_64/lib/gcc/arm-linux-androideabi/4.9.x/armv7-a/thumb;/Users/wangmingyong/android/sdk/ndk-bundle/toolchains/arm-linux-androideabi-4.9/prebuilt/darwin-x86_64/arm-linux-androideabi/lib/armv7-a/thumb;/Users/wangmingyong/android/sdk/ndk-bundle/platforms/android-19/arch-arm/usr/lib]
  implicit fwks: []




Detecting C [-std=c11] compiler features compiled with the following output:
Change Dir: /Users/wangmingyong/AndroidStudioProjects/jrtp-ffmpeg-camera/app/.externalNativeBuild/cmake/release/armeabi-v7a/CMakeFiles/CMakeTmp

Run Build Command:"/Users/wangmingyong/android/sdk/cmake/3.6.4111459/bin/ninja" "cmTC_e08de"
[1/2] Building C object CMakeFiles/cmTC_e08de.dir/feature_tests.c.o
[2/2] Linking C executable cmTC_e08de


    Feature record: C_FEATURE:1c_function_prototypes
    Feature record: C_FEATURE:1c_restrict
    Feature record: C_FEATURE:1c_static_assert
    Feature record: C_FEATURE:1c_variadic_macros


Detecting C [-std=c99] compiler features compiled with the following output:
Change Dir: /Users/wangmingyong/AndroidStudioProjects/jrtp-ffmpeg-camera/app/.externalNativeBuild/cmake/release/armeabi-v7a/CMakeFiles/CMakeTmp

Run Build Command:"/Users/wangmingyong/android/sdk/cmake/3.6.4111459/bin/ninja" "cmTC_e8f88"
[1/2] Building C object CMakeFiles/cmTC_e8f88.dir/feature_tests.c.o
[2/2] Linking C executable cmTC_e8f88


    Feature record: C_FEATURE:1c_function_prototypes
    Feature record: C_FEATURE:1c_restrict
    Feature record: C_FEATURE:0c_static_assert
    Feature record: C_FEATURE:1c_variadic_macros


Detecting C [-std=c90] compiler features compiled with the following output:
Change Dir: /Users/wangmingyong/AndroidStudioProjects/jrtp-ffmpeg-camera/app/.externalNativeBuild/cmake/release/armeabi-v7a/CMakeFiles/CMakeTmp

Run Build Command:"/Users/wangmingyong/android/sdk/cmake/3.6.4111459/bin/ninja" "cmTC_e7b1e"
[1/2] Building C object CMakeFiles/cmTC_e7b1e.dir/feature_tests.c.o
[2/2] Linking C executable cmTC_e7b1e


    Feature record: C_FEATURE:1c_function_prototypes
    Feature record: C_FEATURE:0c_restrict
    Feature record: C_FEATURE:0c_static_assert
    Feature record: C_FEATURE:0c_variadic_macros
Determining if the CXX compiler works passed with the following output:
Change Dir: /Users/wangmingyong/AndroidStudioProjects/jrtp-ffmpeg-camera/app/.externalNativeBuild/cmake/release/armeabi-v7a/CMakeFiles/CMakeTmp

Run Build Command:"/Users/wangmingyong/android/sdk/cmake/3.6.4111459/bin/ninja" "cmTC_d0677"
[1/2] Building CXX object CMakeFiles/cmTC_d0677.dir/testCXXCompiler.cxx.o
Android clang version 5.0.300080  (based on LLVM 5.0.300080)
Target: armv7-none-linux-android
Thread model: posix
InstalledDir: /Users/wangmingyong/android/sdk/ndk-bundle/toolchains/llvm/prebuilt/darwin-x86_64/bin
Found candidate GCC installation: /Users/wangmingyong/android/sdk/ndk-bundle/toolchains/arm-linux-androideabi-4.9/prebuilt/darwin-x86_64/lib/gcc/arm-linux-androideabi/4.9.x
Selected GCC installation: /Users/wangmingyong/android/sdk/ndk-bundle/toolchains/arm-linux-androideabi-4.9/prebuilt/darwin-x86_64/lib/gcc/arm-linux-androideabi/4.9.x
Candidate multilib: thumb;@thumb
Candidate multilib: armv7-a;@armv7
Candidate multilib: armv7-a/thumb;@armv7@thumb
Candidate multilib: .;
Selected multilib: armv7-a/thumb;@armv7@thumb
 "/Users/wangmingyong/android/sdk/ndk-bundle/toolchains/llvm/prebuilt/darwin-x86_64/bin/clang++" -cc1 -triple thumbv7-none-linux-android -S -disable-free -disable-llvm-verifier -discard-value-names -main-file-name testCXXCompiler.cxx -mrelocation-model pic -pic-level 2 -pic-is-pie -mthread-model posix -mdisable-fp-elim -fmath-errno -masm-verbose -no-integrated-as -mconstructor-aliases -munwind-tables -fuse-init-array -target-cpu cortex-a8 -target-feature +soft-float-abi -target-feature -fp-only-sp -target-feature +d16 -target-feature +vfp3 -target-feature -fp16 -target-feature -vfp4 -target-feature -fp-armv8 -target-feature -neon -target-feature -crypto -target-abi aapcs-linux -mfloat-abi soft -target-linker-version 2.24 -v -dwarf-column-info -debug-info-kind=limited -dwarf-version=4 -debugger-tuning=gdb -ffunction-sections -coverage-notes-file /Users/wangmingyong/AndroidStudioProjects/jrtp-ffmpeg-camera/app/.externalNativeBuild/cmake/release/armeabi-v7a/CMakeFiles/CMakeTmp/CMakeFiles/cmTC_d0677.dir/testCXXCompiler.cxx.gcno -resource-dir /Users/wangmingyong/android/sdk/ndk-bundle/toolchains/llvm/prebuilt/darwin-x86_64/lib64/clang/5.0.300080 -isystem /Users/wangmingyong/android/sdk/ndk-bundle/sources/cxx-stl/gnu-libstdc++/4.9/include -isystem /Users/wangmingyong/android/sdk/ndk-bundle/sources/cxx-stl/gnu-libstdc++/4.9/libs/armeabi-v7a/include -isystem /Users/wangmingyong/android/sdk/ndk-bundle/sources/cxx-stl/gnu-libstdc++/4.9/include/backward -isystem /Users/wangmingyong/android/sdk/ndk-bundle/sysroot/usr/include/arm-linux-androideabi -D __ANDROID_API__=19 -D ANDROID -isysroot /Users/wangmingyong/android/sdk/ndk-bundle/sysroot -internal-isystem /Users/wangmingyong/android/sdk/ndk-bundle/sysroot/usr/local/include -internal-isystem /Users/wangmingyong/android/sdk/ndk-bundle/toolchains/llvm/prebuilt/darwin-x86_64/lib64/clang/5.0.300080/include -internal-externc-isystem /Users/wangmingyong/android/sdk/ndk-bundle/sysroot/include -internal-externc-isystem /Users/wangmingyong/android/sdk/ndk-bundle/sysroot/usr/include -Wformat -Werror=format-security -std=c++11 -fdeprecated-macro -fno-dwarf-directory-asm -fdebug-compilation-dir /Users/wangmingyong/AndroidStudioProjects/jrtp-ffmpeg-camera/app/.externalNativeBuild/cmake/release/armeabi-v7a/CMakeFiles/CMakeTmp -ferror-limit 19 -fmessage-length 0 -femulated-tls -stack-protector 2 -fallow-half-arguments-and-returns -fno-signed-char -fobjc-runtime=gcc -fcxx-exceptions -fexceptions -fdiagnostics-show-option -o /var/folders/v5/3ql8db715qq12bk428dyn3c40000gn/T/testCXXCompiler-3b220c.s -x c++ /Users/wangmingyong/AndroidStudioProjects/jrtp-ffmpeg-camera/app/.externalNativeBuild/cmake/release/armeabi-v7a/CMakeFiles/CMakeTmp/testCXXCompiler.cxx
clang -cc1 version 5.0.300080 based upon LLVM 5.0.300080 default target x86_64-apple-darwin16.6.0
ignoring nonexistent directory "/Users/wangmingyong/android/sdk/ndk-bundle/sysroot/usr/local/include"
ignoring nonexistent directory "/Users/wangmingyong/android/sdk/ndk-bundle/sysroot/include"
#include "..." search starts here:
#include <...> search starts here:
 /Users/wangmingyong/android/sdk/ndk-bundle/sources/cxx-stl/gnu-libstdc++/4.9/include
 /Users/wangmingyong/android/sdk/ndk-bundle/sources/cxx-stl/gnu-libstdc++/4.9/libs/armeabi-v7a/include
 /Users/wangmingyong/android/sdk/ndk-bundle/sources/cxx-stl/gnu-libstdc++/4.9/include/backward
 /Users/wangmingyong/android/sdk/ndk-bundle/sysroot/usr/include/arm-linux-androideabi
 /Users/wangmingyong/android/sdk/ndk-bundle/toolchains/llvm/prebuilt/darwin-x86_64/lib64/clang/5.0.300080/include
 /Users/wangmingyong/android/sdk/ndk-bundle/sysroot/usr/include
End of search list.
 "/Users/wangmingyong/android/sdk/ndk-bundle/toolchains/arm-linux-androideabi-4.9/prebuilt/darwin-x86_64/lib/gcc/arm-linux-androideabi/4.9.x/../../../../arm-linux-androideabi/bin/as" -mfpu=neon -mfloat-abi=softfp -march=armv7-a -mfpu=vfpv3-d16 --noexecstack -o CMakeFiles/cmTC_d0677.dir/testCXXCompiler.cxx.o /var/folders/v5/3ql8db715qq12bk428dyn3c40000gn/T/testCXXCompiler-3b220c.s
[2/2] Linking CXX executable cmTC_d0677
Android clang version 5.0.300080  (based on LLVM 5.0.300080)
Target: armv7-none-linux-android
Thread model: posix
InstalledDir: /Users/wangmingyong/android/sdk/ndk-bundle/toolchains/llvm/prebuilt/darwin-x86_64/bin
Found candidate GCC installation: /Users/wangmingyong/android/sdk/ndk-bundle/toolchains/arm-linux-androideabi-4.9/prebuilt/darwin-x86_64/lib/gcc/arm-linux-androideabi/4.9.x
Selected GCC installation: /Users/wangmingyong/android/sdk/ndk-bundle/toolchains/arm-linux-androideabi-4.9/prebuilt/darwin-x86_64/lib/gcc/arm-linux-androideabi/4.9.x
Candidate multilib: thumb;@thumb
Candidate multilib: armv7-a;@armv7
Candidate multilib: armv7-a/thumb;@armv7@thumb
Candidate multilib: .;
Selected multilib: armv7-a/thumb;@armv7@thumb
 "/Users/wangmingyong/android/sdk/ndk-bundle/toolchains/arm-linux-androideabi-4.9/prebuilt/darwin-x86_64/lib/gcc/arm-linux-androideabi/4.9.x/../../../../arm-linux-androideabi/bin/ld" --sysroot=/Users/wangmingyong/android/sdk/ndk-bundle/platforms/android-19/arch-arm -pie -X --eh-frame-hdr -m armelf_linux_eabi -dynamic-linker /system/bin/linker -o cmTC_d0677 /Users/wangmingyong/android/sdk/ndk-bundle/platforms/android-19/arch-arm/usr/lib/../lib/crtbegin_dynamic.o -L/Users/wangmingyong/android/sdk/ndk-bundle/toolchains/llvm/prebuilt/darwin-x86_64/lib64/clang/5.0.300080/lib/linux/arm -L/Users/wangmingyong/android/sdk/ndk-bundle/toolchains/arm-linux-androideabi-4.9/prebuilt/darwin-x86_64/lib/gcc/arm-linux-androideabi/4.9.x/armv7-a/thumb -L/Users/wangmingyong/android/sdk/ndk-bundle/toolchains/arm-linux-androideabi-4.9/prebuilt/darwin-x86_64/lib/gcc/arm-linux-androideabi/4.9.x/../../../../arm-linux-androideabi/lib/../lib/armv7-a/thumb -L/Users/wangmingyong/android/sdk/ndk-bundle/platforms/android-19/arch-arm/usr/lib/../lib -L/Users/wangmingyong/android/sdk/ndk-bundle/toolchains/arm-linux-androideabi-4.9/prebuilt/darwin-x86_64/lib/gcc/arm-linux-androideabi/4.9.x/../../../../arm-linux-androideabi/lib/armv7-a/thumb -L/Users/wangmingyong/android/sdk/ndk-bundle/platforms/android-19/arch-arm/usr/lib --exclude-libs libgcc.a --build-id --warn-shared-textrel --fatal-warnings --fix-cortex-a8 --no-undefined -z noexecstack -z relro -z now --gc-sections -z nocopyreloc CMakeFiles/cmTC_d0677.dir/testCXXCompiler.cxx.o -lm /Users/wangmingyong/android/sdk/ndk-bundle/sources/cxx-stl/gnu-libstdc++/4.9/libs/armeabi-v7a/libgnustl_static.a -lstdc++ -lm -lgcc -lgcc -ldl -lc -lgcc -lgcc -ldl /Users/wangmingyong/android/sdk/ndk-bundle/platforms/android-19/arch-arm/usr/lib/../lib/crtend_android.o


Detecting CXX compiler ABI info compiled with the following output:
Change Dir: /Users/wangmingyong/AndroidStudioProjects/jrtp-ffmpeg-camera/app/.externalNativeBuild/cmake/release/armeabi-v7a/CMakeFiles/CMakeTmp

Run Build Command:"/Users/wangmingyong/android/sdk/cmake/3.6.4111459/bin/ninja" "cmTC_0f65b"
[1/2] Building CXX object CMakeFiles/cmTC_0f65b.dir/CMakeCXXCompilerABI.cpp.o
Android clang version 5.0.300080  (based on LLVM 5.0.300080)
Target: armv7-none-linux-android
Thread model: posix
InstalledDir: /Users/wangmingyong/android/sdk/ndk-bundle/toolchains/llvm/prebuilt/darwin-x86_64/bin
Found candidate GCC installation: /Users/wangmingyong/android/sdk/ndk-bundle/toolchains/arm-linux-androideabi-4.9/prebuilt/darwin-x86_64/lib/gcc/arm-linux-androideabi/4.9.x
Selected GCC installation: /Users/wangmingyong/android/sdk/ndk-bundle/toolchains/arm-linux-androideabi-4.9/prebuilt/darwin-x86_64/lib/gcc/arm-linux-androideabi/4.9.x
Candidate multilib: thumb;@thumb
Candidate multilib: armv7-a;@armv7
Candidate multilib: armv7-a/thumb;@armv7@thumb
Candidate multilib: .;
Selected multilib: armv7-a/thumb;@armv7@thumb
 "/Users/wangmingyong/android/sdk/ndk-bundle/toolchains/llvm/prebuilt/darwin-x86_64/bin/clang++" -cc1 -triple thumbv7-none-linux-android -S -disable-free -disable-llvm-verifier -discard-value-names -main-file-name CMakeCXXCompilerABI.cpp -mrelocation-model pic -pic-level 2 -pic-is-pie -mthread-model posix -mdisable-fp-elim -fmath-errno -masm-verbose -no-integrated-as -mconstructor-aliases -munwind-tables -fuse-init-array -target-cpu cortex-a8 -target-feature +soft-float-abi -target-feature -fp-only-sp -target-feature +d16 -target-feature +vfp3 -target-feature -fp16 -target-feature -vfp4 -target-feature -fp-armv8 -target-feature -neon -target-feature -crypto -target-abi aapcs-linux -mfloat-abi soft -target-linker-version 2.24 -v -dwarf-column-info -debug-info-kind=limited -dwarf-version=4 -debugger-tuning=gdb -ffunction-sections -coverage-notes-file /Users/wangmingyong/AndroidStudioProjects/jrtp-ffmpeg-camera/app/.externalNativeBuild/cmake/release/armeabi-v7a/CMakeFiles/CMakeTmp/CMakeFiles/cmTC_0f65b.dir/CMakeCXXCompilerABI.cpp.gcno -resource-dir /Users/wangmingyong/android/sdk/ndk-bundle/toolchains/llvm/prebuilt/darwin-x86_64/lib64/clang/5.0.300080 -isystem /Users/wangmingyong/android/sdk/ndk-bundle/sources/cxx-stl/gnu-libstdc++/4.9/include -isystem /Users/wangmingyong/android/sdk/ndk-bundle/sources/cxx-stl/gnu-libstdc++/4.9/libs/armeabi-v7a/include -isystem /Users/wangmingyong/android/sdk/ndk-bundle/sources/cxx-stl/gnu-libstdc++/4.9/include/backward -isystem /Users/wangmingyong/android/sdk/ndk-bundle/sysroot/usr/include/arm-linux-androideabi -D __ANDROID_API__=19 -D ANDROID -isysroot /Users/wangmingyong/android/sdk/ndk-bundle/sysroot -internal-isystem /Users/wangmingyong/android/sdk/ndk-bundle/sysroot/usr/local/include -internal-isystem /Users/wangmingyong/android/sdk/ndk-bundle/toolchains/llvm/prebuilt/darwin-x86_64/lib64/clang/5.0.300080/include -internal-externc-isystem /Users/wangmingyong/android/sdk/ndk-bundle/sysroot/include -internal-externc-isystem /Users/wangmingyong/android/sdk/ndk-bundle/sysroot/usr/include -Wformat -Werror=format-security -std=c++11 -fdeprecated-macro -fno-dwarf-directory-asm -fdebug-compilation-dir /Users/wangmingyong/AndroidStudioProjects/jrtp-ffmpeg-camera/app/.externalNativeBuild/cmake/release/armeabi-v7a/CMakeFiles/CMakeTmp -ferror-limit 19 -fmessage-length 0 -femulated-tls -stack-protector 2 -fallow-half-arguments-and-returns -fno-signed-char -fobjc-runtime=gcc -fcxx-exceptions -fexceptions -fdiagnostics-show-option -o /var/folders/v5/3ql8db715qq12bk428dyn3c40000gn/T/CMakeCXXCompilerABI-66a921.s -x c++ /Users/wangmingyong/android/sdk/cmake/3.6.4111459/share/cmake-3.6/Modules/CMakeCXXCompilerABI.cpp
clang -cc1 version 5.0.300080 based upon LLVM 5.0.300080 default target x86_64-apple-darwin16.6.0
ignoring nonexistent directory "/Users/wangmingyong/android/sdk/ndk-bundle/sysroot/usr/local/include"
ignoring nonexistent directory "/Users/wangmingyong/android/sdk/ndk-bundle/sysroot/include"
#include "..." search starts here:
#include <...> search starts here:
 /Users/wangmingyong/android/sdk/ndk-bundle/sources/cxx-stl/gnu-libstdc++/4.9/include
 /Users/wangmingyong/android/sdk/ndk-bundle/sources/cxx-stl/gnu-libstdc++/4.9/libs/armeabi-v7a/include
 /Users/wangmingyong/android/sdk/ndk-bundle/sources/cxx-stl/gnu-libstdc++/4.9/include/backward
 /Users/wangmingyong/android/sdk/ndk-bundle/sysroot/usr/include/arm-linux-androideabi
 /Users/wangmingyong/android/sdk/ndk-bundle/toolchains/llvm/prebuilt/darwin-x86_64/lib64/clang/5.0.300080/include
 /Users/wangmingyong/android/sdk/ndk-bundle/sysroot/usr/include
End of search list.
 "/Users/wangmingyong/android/sdk/ndk-bundle/toolchains/arm-linux-androideabi-4.9/prebuilt/darwin-x86_64/lib/gcc/arm-linux-androideabi/4.9.x/../../../../arm-linux-androideabi/bin/as" -mfpu=neon -mfloat-abi=softfp -march=armv7-a -mfpu=vfpv3-d16 --noexecstack -o CMakeFiles/cmTC_0f65b.dir/CMakeCXXCompilerABI.cpp.o /var/folders/v5/3ql8db715qq12bk428dyn3c40000gn/T/CMakeCXXCompilerABI-66a921.s
[2/2] Linking CXX executable cmTC_0f65b
Android clang version 5.0.300080  (based on LLVM 5.0.300080)
Target: armv7-none-linux-android
Thread model: posix
InstalledDir: /Users/wangmingyong/android/sdk/ndk-bundle/toolchains/llvm/prebuilt/darwin-x86_64/bin
Found candidate GCC installation: /Users/wangmingyong/android/sdk/ndk-bundle/toolchains/arm-linux-androideabi-4.9/prebuilt/darwin-x86_64/lib/gcc/arm-linux-androideabi/4.9.x
Selected GCC installation: /Users/wangmingyong/android/sdk/ndk-bundle/toolchains/arm-linux-androideabi-4.9/prebuilt/darwin-x86_64/lib/gcc/arm-linux-androideabi/4.9.x
Candidate multilib: thumb;@thumb
Candidate multilib: armv7-a;@armv7
Candidate multilib: armv7-a/thumb;@armv7@thumb
Candidate multilib: .;
Selected multilib: armv7-a/thumb;@armv7@thumb
 "/Users/wangmingyong/android/sdk/ndk-bundle/toolchains/arm-linux-androideabi-4.9/prebuilt/darwin-x86_64/lib/gcc/arm-linux-androideabi/4.9.x/../../../../arm-linux-androideabi/bin/ld" --sysroot=/Users/wangmingyong/android/sdk/ndk-bundle/platforms/android-19/arch-arm -pie -X --eh-frame-hdr -m armelf_linux_eabi -dynamic-linker /system/bin/linker -o cmTC_0f65b /Users/wangmingyong/android/sdk/ndk-bundle/platforms/android-19/arch-arm/usr/lib/../lib/crtbegin_dynamic.o -L/Users/wangmingyong/android/sdk/ndk-bundle/toolchains/llvm/prebuilt/darwin-x86_64/lib64/clang/5.0.300080/lib/linux/arm -L/Users/wangmingyong/android/sdk/ndk-bundle/toolchains/arm-linux-androideabi-4.9/prebuilt/darwin-x86_64/lib/gcc/arm-linux-androideabi/4.9.x/armv7-a/thumb -L/Users/wangmingyong/android/sdk/ndk-bundle/toolchains/arm-linux-androideabi-4.9/prebuilt/darwin-x86_64/lib/gcc/arm-linux-androideabi/4.9.x/../../../../arm-linux-androideabi/lib/../lib/armv7-a/thumb -L/Users/wangmingyong/android/sdk/ndk-bundle/platforms/android-19/arch-arm/usr/lib/../lib -L/Users/wangmingyong/android/sdk/ndk-bundle/toolchains/arm-linux-androideabi-4.9/prebuilt/darwin-x86_64/lib/gcc/arm-linux-androideabi/4.9.x/../../../../arm-linux-androideabi/lib/armv7-a/thumb -L/Users/wangmingyong/android/sdk/ndk-bundle/platforms/android-19/arch-arm/usr/lib --exclude-libs libgcc.a --build-id --warn-shared-textrel --fatal-warnings --fix-cortex-a8 --no-undefined -z noexecstack -z relro -z now --gc-sections -z nocopyreloc CMakeFiles/cmTC_0f65b.dir/CMakeCXXCompilerABI.cpp.o -lstdc++ -lm -lgcc -lgcc -ldl -lc -lgcc -lgcc -ldl /Users/wangmingyong/android/sdk/ndk-bundle/platforms/android-19/arch-arm/usr/lib/../lib/crtend_android.o


Parsed CXX implicit link information from above output:
  link line regex: [^( *|.*[/\])(arm-linux-androideabi-ld|([^/\]+-)?ld|collect2)[^/\]*( |$)]
  ignore line: [Change Dir: /Users/wangmingyong/AndroidStudioProjects/jrtp-ffmpeg-camera/app/.externalNativeBuild/cmake/release/armeabi-v7a/CMakeFiles/CMakeTmp]
  ignore line: []
  ignore line: [Run Build Command:"/Users/wangmingyong/android/sdk/cmake/3.6.4111459/bin/ninja" "cmTC_0f65b"]
  ignore line: [[1/2] Building CXX object CMakeFiles/cmTC_0f65b.dir/CMakeCXXCompilerABI.cpp.o]
  ignore line: [Android clang version 5.0.300080  (based on LLVM 5.0.300080)]
  ignore line: [Target: armv7-none-linux-android]
  ignore line: [Thread model: posix]
  ignore line: [InstalledDir: /Users/wangmingyong/android/sdk/ndk-bundle/toolchains/llvm/prebuilt/darwin-x86_64/bin]
  ignore line: [Found candidate GCC installation: /Users/wangmingyong/android/sdk/ndk-bundle/toolchains/arm-linux-androideabi-4.9/prebuilt/darwin-x86_64/lib/gcc/arm-linux-androideabi/4.9.x]
  ignore line: [Selected GCC installation: /Users/wangmingyong/android/sdk/ndk-bundle/toolchains/arm-linux-androideabi-4.9/prebuilt/darwin-x86_64/lib/gcc/arm-linux-androideabi/4.9.x]
  ignore line: [Candidate multilib: thumb]
  ignore line: [@thumb]
  ignore line: [Candidate multilib: armv7-a]
  ignore line: [@armv7]
  ignore line: [Candidate multilib: armv7-a/thumb]
  ignore line: [@armv7@thumb]
  ignore line: [Candidate multilib: .]
  ignore line: []
  ignore line: [Selected multilib: armv7-a/thumb]
  ignore line: [@armv7@thumb]
  ignore line: [ "/Users/wangmingyong/android/sdk/ndk-bundle/toolchains/llvm/prebuilt/darwin-x86_64/bin/clang++" -cc1 -triple thumbv7-none-linux-android -S -disable-free -disable-llvm-verifier -discard-value-names -main-file-name CMakeCXXCompilerABI.cpp -mrelocation-model pic -pic-level 2 -pic-is-pie -mthread-model posix -mdisable-fp-elim -fmath-errno -masm-verbose -no-integrated-as -mconstructor-aliases -munwind-tables -fuse-init-array -target-cpu cortex-a8 -target-feature +soft-float-abi -target-feature -fp-only-sp -target-feature +d16 -target-feature +vfp3 -target-feature -fp16 -target-feature -vfp4 -target-feature -fp-armv8 -target-feature -neon -target-feature -crypto -target-abi aapcs-linux -mfloat-abi soft -target-linker-version 2.24 -v -dwarf-column-info -debug-info-kind=limited -dwarf-version=4 -debugger-tuning=gdb -ffunction-sections -coverage-notes-file /Users/wangmingyong/AndroidStudioProjects/jrtp-ffmpeg-camera/app/.externalNativeBuild/cmake/release/armeabi-v7a/CMakeFiles/CMakeTmp/CMakeFiles/cmTC_0f65b.dir/CMakeCXXCompilerABI.cpp.gcno -resource-dir /Users/wangmingyong/android/sdk/ndk-bundle/toolchains/llvm/prebuilt/darwin-x86_64/lib64/clang/5.0.300080 -isystem /Users/wangmingyong/android/sdk/ndk-bundle/sources/cxx-stl/gnu-libstdc++/4.9/include -isystem /Users/wangmingyong/android/sdk/ndk-bundle/sources/cxx-stl/gnu-libstdc++/4.9/libs/armeabi-v7a/include -isystem /Users/wangmingyong/android/sdk/ndk-bundle/sources/cxx-stl/gnu-libstdc++/4.9/include/backward -isystem /Users/wangmingyong/android/sdk/ndk-bundle/sysroot/usr/include/arm-linux-androideabi -D __ANDROID_API__=19 -D ANDROID -isysroot /Users/wangmingyong/android/sdk/ndk-bundle/sysroot -internal-isystem /Users/wangmingyong/android/sdk/ndk-bundle/sysroot/usr/local/include -internal-isystem /Users/wangmingyong/android/sdk/ndk-bundle/toolchains/llvm/prebuilt/darwin-x86_64/lib64/clang/5.0.300080/include -internal-externc-isystem /Users/wangmingyong/android/sdk/ndk-bundle/sysroot/include -internal-externc-isystem /Users/wangmingyong/android/sdk/ndk-bundle/sysroot/usr/include -Wformat -Werror=format-security -std=c++11 -fdeprecated-macro -fno-dwarf-directory-asm -fdebug-compilation-dir /Users/wangmingyong/AndroidStudioProjects/jrtp-ffmpeg-camera/app/.externalNativeBuild/cmake/release/armeabi-v7a/CMakeFiles/CMakeTmp -ferror-limit 19 -fmessage-length 0 -femulated-tls -stack-protector 2 -fallow-half-arguments-and-returns -fno-signed-char -fobjc-runtime=gcc -fcxx-exceptions -fexceptions -fdiagnostics-show-option -o /var/folders/v5/3ql8db715qq12bk428dyn3c40000gn/T/CMakeCXXCompilerABI-66a921.s -x c++ /Users/wangmingyong/android/sdk/cmake/3.6.4111459/share/cmake-3.6/Modules/CMakeCXXCompilerABI.cpp]
  ignore line: [clang -cc1 version 5.0.300080 based upon LLVM 5.0.300080 default target x86_64-apple-darwin16.6.0]
  ignore line: [ignoring nonexistent directory "/Users/wangmingyong/android/sdk/ndk-bundle/sysroot/usr/local/include"]
  ignore line: [ignoring nonexistent directory "/Users/wangmingyong/android/sdk/ndk-bundle/sysroot/include"]
  ignore line: [#include "..." search starts here:]
  ignore line: [#include <...> search starts here:]
  ignore line: [ /Users/wangmingyong/android/sdk/ndk-bundle/sources/cxx-stl/gnu-libstdc++/4.9/include]
  ignore line: [ /Users/wangmingyong/android/sdk/ndk-bundle/sources/cxx-stl/gnu-libstdc++/4.9/libs/armeabi-v7a/include]
  ignore line: [ /Users/wangmingyong/android/sdk/ndk-bundle/sources/cxx-stl/gnu-libstdc++/4.9/include/backward]
  ignore line: [ /Users/wangmingyong/android/sdk/ndk-bundle/sysroot/usr/include/arm-linux-androideabi]
  ignore line: [ /Users/wangmingyong/android/sdk/ndk-bundle/toolchains/llvm/prebuilt/darwin-x86_64/lib64/clang/5.0.300080/include]
  ignore line: [ /Users/wangmingyong/android/sdk/ndk-bundle/sysroot/usr/include]
  ignore line: [End of search list.]
  ignore line: [ "/Users/wangmingyong/android/sdk/ndk-bundle/toolchains/arm-linux-androideabi-4.9/prebuilt/darwin-x86_64/lib/gcc/arm-linux-androideabi/4.9.x/../../../../arm-linux-androideabi/bin/as" -mfpu=neon -mfloat-abi=softfp -march=armv7-a -mfpu=vfpv3-d16 --noexecstack -o CMakeFiles/cmTC_0f65b.dir/CMakeCXXCompilerABI.cpp.o /var/folders/v5/3ql8db715qq12bk428dyn3c40000gn/T/CMakeCXXCompilerABI-66a921.s]
  ignore line: [[2/2] Linking CXX executable cmTC_0f65b]
  ignore line: [Android clang version 5.0.300080  (based on LLVM 5.0.300080)]
  ignore line: [Target: armv7-none-linux-android]
  ignore line: [Thread model: posix]
  ignore line: [InstalledDir: /Users/wangmingyong/android/sdk/ndk-bundle/toolchains/llvm/prebuilt/darwin-x86_64/bin]
  ignore line: [Found candidate GCC installation: /Users/wangmingyong/android/sdk/ndk-bundle/toolchains/arm-linux-androideabi-4.9/prebuilt/darwin-x86_64/lib/gcc/arm-linux-androideabi/4.9.x]
  ignore line: [Selected GCC installation: /Users/wangmingyong/android/sdk/ndk-bundle/toolchains/arm-linux-androideabi-4.9/prebuilt/darwin-x86_64/lib/gcc/arm-linux-androideabi/4.9.x]
  ignore line: [Candidate multilib: thumb]
  ignore line: [@thumb]
  ignore line: [Candidate multilib: armv7-a]
  ignore line: [@armv7]
  ignore line: [Candidate multilib: armv7-a/thumb]
  ignore line: [@armv7@thumb]
  ignore line: [Candidate multilib: .]
  ignore line: []
  ignore line: [Selected multilib: armv7-a/thumb]
  ignore line: [@armv7@thumb]
  link line: [ "/Users/wangmingyong/android/sdk/ndk-bundle/toolchains/arm-linux-androideabi-4.9/prebuilt/darwin-x86_64/lib/gcc/arm-linux-androideabi/4.9.x/../../../../arm-linux-androideabi/bin/ld" --sysroot=/Users/wangmingyong/android/sdk/ndk-bundle/platforms/android-19/arch-arm -pie -X --eh-frame-hdr -m armelf_linux_eabi -dynamic-linker /system/bin/linker -o cmTC_0f65b /Users/wangmingyong/android/sdk/ndk-bundle/platforms/android-19/arch-arm/usr/lib/../lib/crtbegin_dynamic.o -L/Users/wangmingyong/android/sdk/ndk-bundle/toolchains/llvm/prebuilt/darwin-x86_64/lib64/clang/5.0.300080/lib/linux/arm -L/Users/wangmingyong/android/sdk/ndk-bundle/toolchains/arm-linux-androideabi-4.9/prebuilt/darwin-x86_64/lib/gcc/arm-linux-androideabi/4.9.x/armv7-a/thumb -L/Users/wangmingyong/android/sdk/ndk-bundle/toolchains/arm-linux-androideabi-4.9/prebuilt/darwin-x86_64/lib/gcc/arm-linux-androideabi/4.9.x/../../../../arm-linux-androideabi/lib/../lib/armv7-a/thumb -L/Users/wangmingyong/android/sdk/ndk-bundle/platforms/android-19/arch-arm/usr/lib/../lib -L/Users/wangmingyong/android/sdk/ndk-bundle/toolchains/arm-linux-androideabi-4.9/prebuilt/darwin-x86_64/lib/gcc/arm-linux-androideabi/4.9.x/../../../../arm-linux-androideabi/lib/armv7-a/thumb -L/Users/wangmingyong/android/sdk/ndk-bundle/platforms/android-19/arch-arm/usr/lib --exclude-libs libgcc.a --build-id --warn-shared-textrel --fatal-warnings --fix-cortex-a8 --no-undefined -z noexecstack -z relro -z now --gc-sections -z nocopyreloc CMakeFiles/cmTC_0f65b.dir/CMakeCXXCompilerABI.cpp.o -lstdc++ -lm -lgcc -lgcc -ldl -lc -lgcc -lgcc -ldl /Users/wangmingyong/android/sdk/ndk-bundle/platforms/android-19/arch-arm/usr/lib/../lib/crtend_android.o]
    arg [/Users/wangmingyong/android/sdk/ndk-bundle/toolchains/arm-linux-androideabi-4.9/prebuilt/darwin-x86_64/lib/gcc/arm-linux-androideabi/4.9.x/../../../../arm-linux-androideabi/bin/ld] ==> ignore
    arg [--sysroot=/Users/wangmingyong/android/sdk/ndk-bundle/platforms/android-19/arch-arm] ==> ignore
    arg [-pie] ==> ignore
    arg [-X] ==> ignore
    arg [--eh-frame-hdr] ==> ignore
    arg [-m] ==> ignore
    arg [armelf_linux_eabi] ==> ignore
    arg [-dynamic-linker] ==> ignore
    arg [/system/bin/linker] ==> ignore
    arg [-o] ==> ignore
    arg [cmTC_0f65b] ==> ignore
    arg [/Users/wangmingyong/android/sdk/ndk-bundle/platforms/android-19/arch-arm/usr/lib/../lib/crtbegin_dynamic.o] ==> ignore
    arg [-L/Users/wangmingyong/android/sdk/ndk-bundle/toolchains/llvm/prebuilt/darwin-x86_64/lib64/clang/5.0.300080/lib/linux/arm] ==> dir [/Users/wangmingyong/android/sdk/ndk-bundle/toolchains/llvm/prebuilt/darwin-x86_64/lib64/clang/5.0.300080/lib/linux/arm]
    arg [-L/Users/wangmingyong/android/sdk/ndk-bundle/toolchains/arm-linux-androideabi-4.9/prebuilt/darwin-x86_64/lib/gcc/arm-linux-androideabi/4.9.x/armv7-a/thumb] ==> dir [/Users/wangmingyong/android/sdk/ndk-bundle/toolchains/arm-linux-androideabi-4.9/prebuilt/darwin-x86_64/lib/gcc/arm-linux-androideabi/4.9.x/armv7-a/thumb]
    arg [-L/Users/wangmingyong/android/sdk/ndk-bundle/toolchains/arm-linux-androideabi-4.9/prebuilt/darwin-x86_64/lib/gcc/arm-linux-androideabi/4.9.x/../../../../arm-linux-androideabi/lib/../lib/armv7-a/thumb] ==> dir [/Users/wangmingyong/android/sdk/ndk-bundle/toolchains/arm-linux-androideabi-4.9/prebuilt/darwin-x86_64/lib/gcc/arm-linux-androideabi/4.9.x/../../../../arm-linux-androideabi/lib/../lib/armv7-a/thumb]
    arg [-L/Users/wangmingyong/android/sdk/ndk-bundle/platforms/android-19/arch-arm/usr/lib/../lib] ==> dir [/Users/wangmingyong/android/sdk/ndk-bundle/platforms/android-19/arch-arm/usr/lib/../lib]
    arg [-L/Users/wangmingyong/android/sdk/ndk-bundle/toolchains/arm-linux-androideabi-4.9/prebuilt/darwin-x86_64/lib/gcc/arm-linux-androideabi/4.9.x/../../../../arm-linux-androideabi/lib/armv7-a/thumb] ==> dir [/Users/wangmingyong/android/sdk/ndk-bundle/toolchains/arm-linux-androideabi-4.9/prebuilt/darwin-x86_64/lib/gcc/arm-linux-androideabi/4.9.x/../../../../arm-linux-androideabi/lib/armv7-a/thumb]
    arg [-L/Users/wangmingyong/android/sdk/ndk-bundle/platforms/android-19/arch-arm/usr/lib] ==> dir [/Users/wangmingyong/android/sdk/ndk-bundle/platforms/android-19/arch-arm/usr/lib]
    arg [--exclude-libs] ==> ignore
    arg [libgcc.a] ==> ignore
    arg [--build-id] ==> ignore
    arg [--warn-shared-textrel] ==> ignore
    arg [--fatal-warnings] ==> ignore
    arg [--fix-cortex-a8] ==> ignore
    arg [--no-undefined] ==> ignore
    arg [-znoexecstack] ==> ignore
    arg [-zrelro] ==> ignore
    arg [-znow] ==> ignore
    arg [--gc-sections] ==> ignore
    arg [-znocopyreloc] ==> ignore
    arg [CMakeFiles/cmTC_0f65b.dir/CMakeCXXCompilerABI.cpp.o] ==> ignore
    arg [-lstdc++] ==> lib [stdc++]
    arg [-lm] ==> lib [m]
    arg [-lgcc] ==> lib [gcc]
    arg [-lgcc] ==> lib [gcc]
    arg [-ldl] ==> lib [dl]
    arg [-lc] ==> lib [c]
    arg [-lgcc] ==> lib [gcc]
    arg [-lgcc] ==> lib [gcc]
    arg [-ldl] ==> lib [dl]
    arg [/Users/wangmingyong/android/sdk/ndk-bundle/platforms/android-19/arch-arm/usr/lib/../lib/crtend_android.o] ==> ignore
  remove lib [gcc]
  remove lib [gcc]
  remove lib [gcc]
  remove lib [gcc]
  collapse library dir [/Users/wangmingyong/android/sdk/ndk-bundle/toolchains/llvm/prebuilt/darwin-x86_64/lib64/clang/5.0.300080/lib/linux/arm] ==> [/Users/wangmingyong/android/sdk/ndk-bundle/toolchains/llvm/prebuilt/darwin-x86_64/lib64/clang/5.0.300080/lib/linux/arm]
  collapse library dir [/Users/wangmingyong/android/sdk/ndk-bundle/toolchains/arm-linux-androideabi-4.9/prebuilt/darwin-x86_64/lib/gcc/arm-linux-androideabi/4.9.x/armv7-a/thumb] ==> [/Users/wangmingyong/android/sdk/ndk-bundle/toolchains/arm-linux-androideabi-4.9/prebuilt/darwin-x86_64/lib/gcc/arm-linux-androideabi/4.9.x/armv7-a/thumb]
  collapse library dir [/Users/wangmingyong/android/sdk/ndk-bundle/toolchains/arm-linux-androideabi-4.9/prebuilt/darwin-x86_64/lib/gcc/arm-linux-androideabi/4.9.x/../../../../arm-linux-androideabi/lib/../lib/armv7-a/thumb] ==> [/Users/wangmingyong/android/sdk/ndk-bundle/toolchains/arm-linux-androideabi-4.9/prebuilt/darwin-x86_64/arm-linux-androideabi/lib/armv7-a/thumb]
  collapse library dir [/Users/wangmingyong/android/sdk/ndk-bundle/platforms/android-19/arch-arm/usr/lib/../lib] ==> [/Users/wangmingyong/android/sdk/ndk-bundle/platforms/android-19/arch-arm/usr/lib]
  collapse library dir [/Users/wangmingyong/android/sdk/ndk-bundle/toolchains/arm-linux-androideabi-4.9/prebuilt/darwin-x86_64/lib/gcc/arm-linux-androideabi/4.9.x/../../../../arm-linux-androideabi/lib/armv7-a/thumb] ==> [/Users/wangmingyong/android/sdk/ndk-bundle/toolchains/arm-linux-androideabi-4.9/prebuilt/darwin-x86_64/arm-linux-androideabi/lib/armv7-a/thumb]
  collapse library dir [/Users/wangmingyong/android/sdk/ndk-bundle/platforms/android-19/arch-arm/usr/lib] ==> [/Users/wangmingyong/android/sdk/ndk-bundle/platforms/android-19/arch-arm/usr/lib]
  implicit libs: [stdc++;m;dl;c;dl]
  implicit dirs: [/Users/wangmingyong/android/sdk/ndk-bundle/toolchains/llvm/prebuilt/darwin-x86_64/lib64/clang/5.0.300080/lib/linux/arm;/Users/wangmingyong/android/sdk/ndk-bundle/toolchains/arm-linux-androideabi-4.9/prebuilt/darwin-x86_64/lib/gcc/arm-linux-androideabi/4.9.x/armv7-a/thumb;/Users/wangmingyong/android/sdk/ndk-bundle/toolchains/arm-linux-androideabi-4.9/prebuilt/darwin-x86_64/arm-linux-androideabi/lib/armv7-a/thumb;/Users/wangmingyong/android/sdk/ndk-bundle/platforms/android-19/arch-arm/usr/lib]
  implicit fwks: []




Detecting CXX [-std=c++14] compiler features compiled with the following output:
Change Dir: /Users/wangmingyong/AndroidStudioProjects/jrtp-ffmpeg-camera/app/.externalNativeBuild/cmake/release/armeabi-v7a/CMakeFiles/CMakeTmp

Run Build Command:"/Users/wangmingyong/android/sdk/cmake/3.6.4111459/bin/ninja" "cmTC_20d6f"
[1/2] Building CXX object CMakeFiles/cmTC_20d6f.dir/feature_tests.cxx.o
Android clang version 5.0.300080  (based on LLVM 5.0.300080)
Target: armv7-none-linux-android
Thread model: posix
InstalledDir: /Users/wangmingyong/android/sdk/ndk-bundle/toolchains/llvm/prebuilt/darwin-x86_64/bin
Found candidate GCC installation: /Users/wangmingyong/android/sdk/ndk-bundle/toolchains/arm-linux-androideabi-4.9/prebuilt/darwin-x86_64/lib/gcc/arm-linux-androideabi/4.9.x
Selected GCC installation: /Users/wangmingyong/android/sdk/ndk-bundle/toolchains/arm-linux-androideabi-4.9/prebuilt/darwin-x86_64/lib/gcc/arm-linux-androideabi/4.9.x
Candidate multilib: thumb;@thumb
Candidate multilib: armv7-a;@armv7
Candidate multilib: armv7-a/thumb;@armv7@thumb
Candidate multilib: .;
Selected multilib: armv7-a/thumb;@armv7@thumb
 "/Users/wangmingyong/android/sdk/ndk-bundle/toolchains/llvm/prebuilt/darwin-x86_64/bin/clang++" -cc1 -triple thumbv7-none-linux-android -S -disable-free -disable-llvm-verifier -discard-value-names -main-file-name feature_tests.cxx -mrelocation-model pic -pic-level 2 -pic-is-pie -mthread-model posix -mdisable-fp-elim -fmath-errno -masm-verbose -no-integrated-as -mconstructor-aliases -munwind-tables -fuse-init-array -target-cpu cortex-a8 -target-feature +soft-float-abi -target-feature -fp-only-sp -target-feature +d16 -target-feature +vfp3 -target-feature -fp16 -target-feature -vfp4 -target-feature -fp-armv8 -target-feature -neon -target-feature -crypto -target-abi aapcs-linux -mfloat-abi soft -target-linker-version 2.24 -v -dwarf-column-info -debug-info-kind=limited -dwarf-version=4 -debugger-tuning=gdb -ffunction-sections -coverage-notes-file /Users/wangmingyong/AndroidStudioProjects/jrtp-ffmpeg-camera/app/.externalNativeBuild/cmake/release/armeabi-v7a/CMakeFiles/CMakeTmp/CMakeFiles/cmTC_20d6f.dir/feature_tests.cxx.gcno -resource-dir /Users/wangmingyong/android/sdk/ndk-bundle/toolchains/llvm/prebuilt/darwin-x86_64/lib64/clang/5.0.300080 -isystem /Users/wangmingyong/android/sdk/ndk-bundle/sources/cxx-stl/gnu-libstdc++/4.9/include -isystem /Users/wangmingyong/android/sdk/ndk-bundle/sources/cxx-stl/gnu-libstdc++/4.9/libs/armeabi-v7a/include -isystem /Users/wangmingyong/android/sdk/ndk-bundle/sources/cxx-stl/gnu-libstdc++/4.9/include/backward -isystem /Users/wangmingyong/android/sdk/ndk-bundle/sysroot/usr/include/arm-linux-androideabi -D __ANDROID_API__=19 -D ANDROID -isysroot /Users/wangmingyong/android/sdk/ndk-bundle/sysroot -internal-isystem /Users/wangmingyong/android/sdk/ndk-bundle/sysroot/usr/local/include -internal-isystem /Users/wangmingyong/android/sdk/ndk-bundle/toolchains/llvm/prebuilt/darwin-x86_64/lib64/clang/5.0.300080/include -internal-externc-isystem /Users/wangmingyong/android/sdk/ndk-bundle/sysroot/include -internal-externc-isystem /Users/wangmingyong/android/sdk/ndk-bundle/sysroot/usr/include -Wformat -Werror=format-security -std=c++14 -fdeprecated-macro -fno-dwarf-directory-asm -fdebug-compilation-dir /Users/wangmingyong/AndroidStudioProjects/jrtp-ffmpeg-camera/app/.externalNativeBuild/cmake/release/armeabi-v7a/CMakeFiles/CMakeTmp -ferror-limit 19 -fmessage-length 0 -femulated-tls -stack-protector 2 -fallow-half-arguments-and-returns -fno-signed-char -fobjc-runtime=gcc -fcxx-exceptions -fexceptions -fdiagnostics-show-option -o /var/folders/v5/3ql8db715qq12bk428dyn3c40000gn/T/feature_tests-03290b.s -x c++ /Users/wangmingyong/AndroidStudioProjects/jrtp-ffmpeg-camera/app/.externalNativeBuild/cmake/release/armeabi-v7a/CMakeFiles/feature_tests.cxx
clang -cc1 version 5.0.300080 based upon LLVM 5.0.300080 default target x86_64-apple-darwin16.6.0
ignoring nonexistent directory "/Users/wangmingyong/android/sdk/ndk-bundle/sysroot/usr/local/include"
ignoring nonexistent directory "/Users/wangmingyong/android/sdk/ndk-bundle/sysroot/include"
#include "..." search starts here:
#include <...> search starts here:
 /Users/wangmingyong/android/sdk/ndk-bundle/sources/cxx-stl/gnu-libstdc++/4.9/include
 /Users/wangmingyong/android/sdk/ndk-bundle/sources/cxx-stl/gnu-libstdc++/4.9/libs/armeabi-v7a/include
 /Users/wangmingyong/android/sdk/ndk-bundle/sources/cxx-stl/gnu-libstdc++/4.9/include/backward
 /Users/wangmingyong/android/sdk/ndk-bundle/sysroot/usr/include/arm-linux-androideabi
 /Users/wangmingyong/android/sdk/ndk-bundle/toolchains/llvm/prebuilt/darwin-x86_64/lib64/clang/5.0.300080/include
 /Users/wangmingyong/android/sdk/ndk-bundle/sysroot/usr/include
End of search list.
 "/Users/wangmingyong/android/sdk/ndk-bundle/toolchains/arm-linux-androideabi-4.9/prebuilt/darwin-x86_64/lib/gcc/arm-linux-androideabi/4.9.x/../../../../arm-linux-androideabi/bin/as" -mfpu=neon -mfloat-abi=softfp -march=armv7-a -mfpu=vfpv3-d16 --noexecstack -o CMakeFiles/cmTC_20d6f.dir/feature_tests.cxx.o /var/folders/v5/3ql8db715qq12bk428dyn3c40000gn/T/feature_tests-03290b.s
[2/2] Linking CXX executable cmTC_20d6f
Android clang version 5.0.300080  (based on LLVM 5.0.300080)
Target: armv7-none-linux-android
Thread model: posix
InstalledDir: /Users/wangmingyong/android/sdk/ndk-bundle/toolchains/llvm/prebuilt/darwin-x86_64/bin
Found candidate GCC installation: /Users/wangmingyong/android/sdk/ndk-bundle/toolchains/arm-linux-androideabi-4.9/prebuilt/darwin-x86_64/lib/gcc/arm-linux-androideabi/4.9.x
Selected GCC installation: /Users/wangmingyong/android/sdk/ndk-bundle/toolchains/arm-linux-androideabi-4.9/prebuilt/darwin-x86_64/lib/gcc/arm-linux-androideabi/4.9.x
Candidate multilib: thumb;@thumb
Candidate multilib: armv7-a;@armv7
Candidate multilib: armv7-a/thumb;@armv7@thumb
Candidate multilib: .;
Selected multilib: armv7-a/thumb;@armv7@thumb
 "/Users/wangmingyong/android/sdk/ndk-bundle/toolchains/arm-linux-androideabi-4.9/prebuilt/darwin-x86_64/lib/gcc/arm-linux-androideabi/4.9.x/../../../../arm-linux-androideabi/bin/ld" --sysroot=/Users/wangmingyong/android/sdk/ndk-bundle/platforms/android-19/arch-arm -pie -X --eh-frame-hdr -m armelf_linux_eabi -dynamic-linker /system/bin/linker -o cmTC_20d6f /Users/wangmingyong/android/sdk/ndk-bundle/platforms/android-19/arch-arm/usr/lib/../lib/crtbegin_dynamic.o -L/Users/wangmingyong/android/sdk/ndk-bundle/toolchains/llvm/prebuilt/darwin-x86_64/lib64/clang/5.0.300080/lib/linux/arm -L/Users/wangmingyong/android/sdk/ndk-bundle/toolchains/arm-linux-androideabi-4.9/prebuilt/darwin-x86_64/lib/gcc/arm-linux-androideabi/4.9.x/armv7-a/thumb -L/Users/wangmingyong/android/sdk/ndk-bundle/toolchains/arm-linux-androideabi-4.9/prebuilt/darwin-x86_64/lib/gcc/arm-linux-androideabi/4.9.x/../../../../arm-linux-androideabi/lib/../lib/armv7-a/thumb -L/Users/wangmingyong/android/sdk/ndk-bundle/platforms/android-19/arch-arm/usr/lib/../lib -L/Users/wangmingyong/android/sdk/ndk-bundle/toolchains/arm-linux-androideabi-4.9/prebuilt/darwin-x86_64/lib/gcc/arm-linux-androideabi/4.9.x/../../../../arm-linux-androideabi/lib/armv7-a/thumb -L/Users/wangmingyong/android/sdk/ndk-bundle/platforms/android-19/arch-arm/usr/lib --exclude-libs libgcc.a --build-id --warn-shared-textrel --fatal-warnings --fix-cortex-a8 --no-undefined -z noexecstack -z relro -z now --gc-sections -z nocopyreloc CMakeFiles/cmTC_20d6f.dir/feature_tests.cxx.o -lm /Users/wangmingyong/android/sdk/ndk-bundle/sources/cxx-stl/gnu-libstdc++/4.9/libs/armeabi-v7a/libgnustl_static.a -lstdc++ -lm -lgcc -lgcc -ldl -lc -lgcc -lgcc -ldl /Users/wangmingyong/android/sdk/ndk-bundle/platforms/android-19/arch-arm/usr/lib/../lib/crtend_android.o


    Feature record: CXX_FEATURE:1cxx_aggregate_default_initializers
    Feature record: CXX_FEATURE:1cxx_alias_templates
    Feature record: CXX_FEATURE:1cxx_alignas
    Feature record: CXX_FEATURE:1cxx_alignof
    Feature record: CXX_FEATURE:1cxx_attributes
    Feature record: CXX_FEATURE:1cxx_attribute_deprecated
    Feature record: CXX_FEATURE:1cxx_auto_type
    Feature record: CXX_FEATURE:1cxx_binary_literals
    Feature record: CXX_FEATURE:1cxx_constexpr
    Feature record: CXX_FEATURE:1cxx_contextual_conversions
    Feature record: CXX_FEATURE:1cxx_decltype
    Feature record: CXX_FEATURE:1cxx_decltype_auto
    Feature record: CXX_FEATURE:1cxx_decltype_incomplete_return_types
    Feature record: CXX_FEATURE:1cxx_default_function_template_args
    Feature record: CXX_FEATURE:1cxx_defaulted_functions
    Feature record: CXX_FEATURE:1cxx_defaulted_move_initializers
    Feature record: CXX_FEATURE:1cxx_delegating_constructors
    Feature record: CXX_FEATURE:1cxx_deleted_functions
    Feature record: CXX_FEATURE:1cxx_digit_separators
    Feature record: CXX_FEATURE:1cxx_enum_forward_declarations
    Feature record: CXX_FEATURE:1cxx_explicit_conversions
    Feature record: CXX_FEATURE:1cxx_extended_friend_declarations
    Feature record: CXX_FEATURE:1cxx_extern_templates
    Feature record: CXX_FEATURE:1cxx_final
    Feature record: CXX_FEATURE:1cxx_func_identifier
    Feature record: CXX_FEATURE:1cxx_generalized_initializers
    Feature record: CXX_FEATURE:1cxx_generic_lambdas
    Feature record: CXX_FEATURE:1cxx_inheriting_constructors
    Feature record: CXX_FEATURE:1cxx_inline_namespaces
    Feature record: CXX_FEATURE:1cxx_lambdas
    Feature record: CXX_FEATURE:1cxx_lambda_init_captures
    Feature record: CXX_FEATURE:1cxx_local_type_template_args
    Feature record: CXX_FEATURE:1cxx_long_long_type
    Feature record: CXX_FEATURE:1cxx_noexcept
    Feature record: CXX_FEATURE:1cxx_nonstatic_member_init
    Feature record: CXX_FEATURE:1cxx_nullptr
    Feature record: CXX_FEATURE:1cxx_override
    Feature record: CXX_FEATURE:1cxx_range_for
    Feature record: CXX_FEATURE:1cxx_raw_string_literals
    Feature record: CXX_FEATURE:1cxx_reference_qualified_functions
    Feature record: CXX_FEATURE:1cxx_relaxed_constexpr
    Feature record: CXX_FEATURE:1cxx_return_type_deduction
    Feature record: CXX_FEATURE:1cxx_right_angle_brackets
    Feature record: CXX_FEATURE:1cxx_rvalue_references
    Feature record: CXX_FEATURE:1cxx_sizeof_member
    Feature record: CXX_FEATURE:1cxx_static_assert
    Feature record: CXX_FEATURE:1cxx_strong_enums
    Feature record: CXX_FEATURE:1cxx_template_template_parameters
    Feature record: CXX_FEATURE:1cxx_thread_local
    Feature record: CXX_FEATURE:1cxx_trailing_return_types
    Feature record: CXX_FEATURE:1cxx_unicode_literals
    Feature record: CXX_FEATURE:1cxx_uniform_initialization
    Feature record: CXX_FEATURE:1cxx_unrestricted_unions
    Feature record: CXX_FEATURE:1cxx_user_literals
    Feature record: CXX_FEATURE:1cxx_variable_templates
    Feature record: CXX_FEATURE:1cxx_variadic_macros
    Feature record: CXX_FEATURE:1cxx_variadic_templates


Detecting CXX [-std=c++11] compiler features compiled with the following output:
Change Dir: /Users/wangmingyong/AndroidStudioProjects/jrtp-ffmpeg-camera/app/.externalNativeBuild/cmake/release/armeabi-v7a/CMakeFiles/CMakeTmp

Run Build Command:"/Users/wangmingyong/android/sdk/cmake/3.6.4111459/bin/ninja" "cmTC_5fd25"
[1/2] Building CXX object CMakeFiles/cmTC_5fd25.dir/feature_tests.cxx.o
Android clang version 5.0.300080  (based on LLVM 5.0.300080)
Target: armv7-none-linux-android
Thread model: posix
InstalledDir: /Users/wangmingyong/android/sdk/ndk-bundle/toolchains/llvm/prebuilt/darwin-x86_64/bin
Found candidate GCC installation: /Users/wangmingyong/android/sdk/ndk-bundle/toolchains/arm-linux-androideabi-4.9/prebuilt/darwin-x86_64/lib/gcc/arm-linux-androideabi/4.9.x
Selected GCC installation: /Users/wangmingyong/android/sdk/ndk-bundle/toolchains/arm-linux-androideabi-4.9/prebuilt/darwin-x86_64/lib/gcc/arm-linux-androideabi/4.9.x
Candidate multilib: thumb;@thumb
Candidate multilib: armv7-a;@armv7
Candidate multilib: armv7-a/thumb;@armv7@thumb
Candidate multilib: .;
Selected multilib: armv7-a/thumb;@armv7@thumb
 "/Users/wangmingyong/android/sdk/ndk-bundle/toolchains/llvm/prebuilt/darwin-x86_64/bin/clang++" -cc1 -triple thumbv7-none-linux-android -S -disable-free -disable-llvm-verifier -discard-value-names -main-file-name feature_tests.cxx -mrelocation-model pic -pic-level 2 -pic-is-pie -mthread-model posix -mdisable-fp-elim -fmath-errno -masm-verbose -no-integrated-as -mconstructor-aliases -munwind-tables -fuse-init-array -target-cpu cortex-a8 -target-feature +soft-float-abi -target-feature -fp-only-sp -target-feature +d16 -target-feature +vfp3 -target-feature -fp16 -target-feature -vfp4 -target-feature -fp-armv8 -target-feature -neon -target-feature -crypto -target-abi aapcs-linux -mfloat-abi soft -target-linker-version 2.24 -v -dwarf-column-info -debug-info-kind=limited -dwarf-version=4 -debugger-tuning=gdb -ffunction-sections -coverage-notes-file /Users/wangmingyong/AndroidStudioProjects/jrtp-ffmpeg-camera/app/.externalNativeBuild/cmake/release/armeabi-v7a/CMakeFiles/CMakeTmp/CMakeFiles/cmTC_5fd25.dir/feature_tests.cxx.gcno -resource-dir /Users/wangmingyong/android/sdk/ndk-bundle/toolchains/llvm/prebuilt/darwin-x86_64/lib64/clang/5.0.300080 -isystem /Users/wangmingyong/android/sdk/ndk-bundle/sources/cxx-stl/gnu-libstdc++/4.9/include -isystem /Users/wangmingyong/android/sdk/ndk-bundle/sources/cxx-stl/gnu-libstdc++/4.9/libs/armeabi-v7a/include -isystem /Users/wangmingyong/android/sdk/ndk-bundle/sources/cxx-stl/gnu-libstdc++/4.9/include/backward -isystem /Users/wangmingyong/android/sdk/ndk-bundle/sysroot/usr/include/arm-linux-androideabi -D __ANDROID_API__=19 -D ANDROID -isysroot /Users/wangmingyong/android/sdk/ndk-bundle/sysroot -internal-isystem /Users/wangmingyong/android/sdk/ndk-bundle/sysroot/usr/local/include -internal-isystem /Users/wangmingyong/android/sdk/ndk-bundle/toolchains/llvm/prebuilt/darwin-x86_64/lib64/clang/5.0.300080/include -internal-externc-isystem /Users/wangmingyong/android/sdk/ndk-bundle/sysroot/include -internal-externc-isystem /Users/wangmingyong/android/sdk/ndk-bundle/sysroot/usr/include -Wformat -Werror=format-security -std=c++11 -fdeprecated-macro -fno-dwarf-directory-asm -fdebug-compilation-dir /Users/wangmingyong/AndroidStudioProjects/jrtp-ffmpeg-camera/app/.externalNativeBuild/cmake/release/armeabi-v7a/CMakeFiles/CMakeTmp -ferror-limit 19 -fmessage-length 0 -femulated-tls -stack-protector 2 -fallow-half-arguments-and-returns -fno-signed-char -fobjc-runtime=gcc -fcxx-exceptions -fexceptions -fdiagnostics-show-option -o /var/folders/v5/3ql8db715qq12bk428dyn3c40000gn/T/feature_tests-6d7a49.s -x c++ /Users/wangmingyong/AndroidStudioProjects/jrtp-ffmpeg-camera/app/.externalNativeBuild/cmake/release/armeabi-v7a/CMakeFiles/feature_tests.cxx
clang -cc1 version 5.0.300080 based upon LLVM 5.0.300080 default target x86_64-apple-darwin16.6.0
ignoring nonexistent directory "/Users/wangmingyong/android/sdk/ndk-bundle/sysroot/usr/local/include"
ignoring nonexistent directory "/Users/wangmingyong/android/sdk/ndk-bundle/sysroot/include"
#include "..." search starts here:
#include <...> search starts here:
 /Users/wangmingyong/android/sdk/ndk-bundle/sources/cxx-stl/gnu-libstdc++/4.9/include
 /Users/wangmingyong/android/sdk/ndk-bundle/sources/cxx-stl/gnu-libstdc++/4.9/libs/armeabi-v7a/include
 /Users/wangmingyong/android/sdk/ndk-bundle/sources/cxx-stl/gnu-libstdc++/4.9/include/backward
 /Users/wangmingyong/android/sdk/ndk-bundle/sysroot/usr/include/arm-linux-androideabi
 /Users/wangmingyong/android/sdk/ndk-bundle/toolchains/llvm/prebuilt/darwin-x86_64/lib64/clang/5.0.300080/include
 /Users/wangmingyong/android/sdk/ndk-bundle/sysroot/usr/include
End of search list.
 "/Users/wangmingyong/android/sdk/ndk-bundle/toolchains/arm-linux-androideabi-4.9/prebuilt/darwin-x86_64/lib/gcc/arm-linux-androideabi/4.9.x/../../../../arm-linux-androideabi/bin/as" -mfpu=neon -mfloat-abi=softfp -march=armv7-a -mfpu=vfpv3-d16 --noexecstack -o CMakeFiles/cmTC_5fd25.dir/feature_tests.cxx.o /var/folders/v5/3ql8db715qq12bk428dyn3c40000gn/T/feature_tests-6d7a49.s
[2/2] Linking CXX executable cmTC_5fd25
Android clang version 5.0.300080  (based on LLVM 5.0.300080)
Target: armv7-none-linux-android
Thread model: posix
InstalledDir: /Users/wangmingyong/android/sdk/ndk-bundle/toolchains/llvm/prebuilt/darwin-x86_64/bin
Found candidate GCC installation: /Users/wangmingyong/android/sdk/ndk-bundle/toolchains/arm-linux-androideabi-4.9/prebuilt/darwin-x86_64/lib/gcc/arm-linux-androideabi/4.9.x
Selected GCC installation: /Users/wangmingyong/android/sdk/ndk-bundle/toolchains/arm-linux-androideabi-4.9/prebuilt/darwin-x86_64/lib/gcc/arm-linux-androideabi/4.9.x
Candidate multilib: thumb;@thumb
Candidate multilib: armv7-a;@armv7
Candidate multilib: armv7-a/thumb;@armv7@thumb
Candidate multilib: .;
Selected multilib: armv7-a/thumb;@armv7@thumb
 "/Users/wangmingyong/android/sdk/ndk-bundle/toolchains/arm-linux-androideabi-4.9/prebuilt/darwin-x86_64/lib/gcc/arm-linux-androideabi/4.9.x/../../../../arm-linux-androideabi/bin/ld" --sysroot=/Users/wangmingyong/android/sdk/ndk-bundle/platforms/android-19/arch-arm -pie -X --eh-frame-hdr -m armelf_linux_eabi -dynamic-linker /system/bin/linker -o cmTC_5fd25 /Users/wangmingyong/android/sdk/ndk-bundle/platforms/android-19/arch-arm/usr/lib/../lib/crtbegin_dynamic.o -L/Users/wangmingyong/android/sdk/ndk-bundle/toolchains/llvm/prebuilt/darwin-x86_64/lib64/clang/5.0.300080/lib/linux/arm -L/Users/wangmingyong/android/sdk/ndk-bundle/toolchains/arm-linux-androideabi-4.9/prebuilt/darwin-x86_64/lib/gcc/arm-linux-androideabi/4.9.x/armv7-a/thumb -L/Users/wangmingyong/android/sdk/ndk-bundle/toolchains/arm-linux-androideabi-4.9/prebuilt/darwin-x86_64/lib/gcc/arm-linux-androideabi/4.9.x/../../../../arm-linux-androideabi/lib/../lib/armv7-a/thumb -L/Users/wangmingyong/android/sdk/ndk-bundle/platforms/android-19/arch-arm/usr/lib/../lib -L/Users/wangmingyong/android/sdk/ndk-bundle/toolchains/arm-linux-androideabi-4.9/prebuilt/darwin-x86_64/lib/gcc/arm-linux-androideabi/4.9.x/../../../../arm-linux-androideabi/lib/armv7-a/thumb -L/Users/wangmingyong/android/sdk/ndk-bundle/platforms/android-19/arch-arm/usr/lib --exclude-libs libgcc.a --build-id --warn-shared-textrel --fatal-warnings --fix-cortex-a8 --no-undefined -z noexecstack -z relro -z now --gc-sections -z nocopyreloc CMakeFiles/cmTC_5fd25.dir/feature_tests.cxx.o -lm /Users/wangmingyong/android/sdk/ndk-bundle/sources/cxx-stl/gnu-libstdc++/4.9/libs/armeabi-v7a/libgnustl_static.a -lstdc++ -lm -lgcc -lgcc -ldl -lc -lgcc -lgcc -ldl /Users/wangmingyong/android/sdk/ndk-bundle/platforms/android-19/arch-arm/usr/lib/../lib/crtend_android.o


    Feature record: CXX_FEATURE:0cxx_aggregate_default_initializers
    Feature record: CXX_FEATURE:1cxx_alias_templates
    Feature record: CXX_FEATURE:1cxx_alignas
    Feature record: CXX_FEATURE:1cxx_alignof
    Feature record: CXX_FEATURE:1cxx_attributes
    Feature record: CXX_FEATURE:0cxx_attribute_deprecated
    Feature record: CXX_FEATURE:1cxx_auto_type
    Feature record: CXX_FEATURE:0cxx_binary_literals
    Feature record: CXX_FEATURE:1cxx_constexpr
    Feature record: CXX_FEATURE:0cxx_contextual_conversions
    Feature record: CXX_FEATURE:1cxx_decltype
    Feature record: CXX_FEATURE:0cxx_decltype_auto
    Feature record: CXX_FEATURE:1cxx_decltype_incomplete_return_types
    Feature record: CXX_FEATURE:1cxx_default_function_template_args
    Feature record: CXX_FEATURE:1cxx_defaulted_functions
    Feature record: CXX_FEATURE:1cxx_defaulted_move_initializers
    Feature record: CXX_FEATURE:1cxx_delegating_constructors
    Feature record: CXX_FEATURE:1cxx_deleted_functions
    Feature record: CXX_FEATURE:0cxx_digit_separators
    Feature record: CXX_FEATURE:1cxx_enum_forward_declarations
    Feature record: CXX_FEATURE:1cxx_explicit_conversions
    Feature record: CXX_FEATURE:1cxx_extended_friend_declarations
    Feature record: CXX_FEATURE:1cxx_extern_templates
    Feature record: CXX_FEATURE:1cxx_final
    Feature record: CXX_FEATURE:1cxx_func_identifier
    Feature record: CXX_FEATURE:1cxx_generalized_initializers
    Feature record: CXX_FEATURE:0cxx_generic_lambdas
    Feature record: CXX_FEATURE:1cxx_inheriting_constructors
    Feature record: CXX_FEATURE:1cxx_inline_namespaces
    Feature record: CXX_FEATURE:1cxx_lambdas
    Feature record: CXX_FEATURE:0cxx_lambda_init_captures
    Feature record: CXX_FEATURE:1cxx_local_type_template_args
    Feature record: CXX_FEATURE:1cxx_long_long_type
    Feature record: CXX_FEATURE:1cxx_noexcept
    Feature record: CXX_FEATURE:1cxx_nonstatic_member_init
    Feature record: CXX_FEATURE:1cxx_nullptr
    Feature record: CXX_FEATURE:1cxx_override
    Feature record: CXX_FEATURE:1cxx_range_for
    Feature record: CXX_FEATURE:1cxx_raw_string_literals
    Feature record: CXX_FEATURE:1cxx_reference_qualified_functions
    Feature record: CXX_FEATURE:0cxx_relaxed_constexpr
    Feature record: CXX_FEATURE:0cxx_return_type_deduction
    Feature record: CXX_FEATURE:1cxx_right_angle_brackets
    Feature record: CXX_FEATURE:1cxx_rvalue_references
    Feature record: CXX_FEATURE:1cxx_sizeof_member
    Feature record: CXX_FEATURE:1cxx_static_assert
    Feature record: CXX_FEATURE:1cxx_strong_enums
    Feature record: CXX_FEATURE:1cxx_template_template_parameters
    Feature record: CXX_FEATURE:1cxx_thread_local
    Feature record: CXX_FEATURE:1cxx_trailing_return_types
    Feature record: CXX_FEATURE:1cxx_unicode_literals
    Feature record: CXX_FEATURE:1cxx_uniform_initialization
    Feature record: CXX_FEATURE:1cxx_unrestricted_unions
    Feature record: CXX_FEATURE:1cxx_user_literals
    Feature record: CXX_FEATURE:0cxx_variable_templates
    Feature record: CXX_FEATURE:1cxx_variadic_macros
    Feature record: CXX_FEATURE:1cxx_variadic_templates


Detecting CXX [-std=c++98] compiler features compiled with the following output:
Change Dir: /Users/wangmingyong/AndroidStudioProjects/jrtp-ffmpeg-camera/app/.externalNativeBuild/cmake/release/armeabi-v7a/CMakeFiles/CMakeTmp

Run Build Command:"/Users/wangmingyong/android/sdk/cmake/3.6.4111459/bin/ninja" "cmTC_33318"
[1/2] Building CXX object CMakeFiles/cmTC_33318.dir/feature_tests.cxx.o
Android clang version 5.0.300080  (based on LLVM 5.0.300080)
Target: armv7-none-linux-android
Thread model: posix
InstalledDir: /Users/wangmingyong/android/sdk/ndk-bundle/toolchains/llvm/prebuilt/darwin-x86_64/bin
Found candidate GCC installation: /Users/wangmingyong/android/sdk/ndk-bundle/toolchains/arm-linux-androideabi-4.9/prebuilt/darwin-x86_64/lib/gcc/arm-linux-androideabi/4.9.x
Selected GCC installation: /Users/wangmingyong/android/sdk/ndk-bundle/toolchains/arm-linux-androideabi-4.9/prebuilt/darwin-x86_64/lib/gcc/arm-linux-androideabi/4.9.x
Candidate multilib: thumb;@thumb
Candidate multilib: armv7-a;@armv7
Candidate multilib: armv7-a/thumb;@armv7@thumb
Candidate multilib: .;
Selected multilib: armv7-a/thumb;@armv7@thumb
 "/Users/wangmingyong/android/sdk/ndk-bundle/toolchains/llvm/prebuilt/darwin-x86_64/bin/clang++" -cc1 -triple thumbv7-none-linux-android -S -disable-free -disable-llvm-verifier -discard-value-names -main-file-name feature_tests.cxx -mrelocation-model pic -pic-level 2 -pic-is-pie -mthread-model posix -mdisable-fp-elim -fmath-errno -masm-verbose -no-integrated-as -mconstructor-aliases -munwind-tables -fuse-init-array -target-cpu cortex-a8 -target-feature +soft-float-abi -target-feature -fp-only-sp -target-feature +d16 -target-feature +vfp3 -target-feature -fp16 -target-feature -vfp4 -target-feature -fp-armv8 -target-feature -neon -target-feature -crypto -target-abi aapcs-linux -mfloat-abi soft -target-linker-version 2.24 -v -dwarf-column-info -debug-info-kind=limited -dwarf-version=4 -debugger-tuning=gdb -ffunction-sections -coverage-notes-file /Users/wangmingyong/AndroidStudioProjects/jrtp-ffmpeg-camera/app/.externalNativeBuild/cmake/release/armeabi-v7a/CMakeFiles/CMakeTmp/CMakeFiles/cmTC_33318.dir/feature_tests.cxx.gcno -resource-dir /Users/wangmingyong/android/sdk/ndk-bundle/toolchains/llvm/prebuilt/darwin-x86_64/lib64/clang/5.0.300080 -isystem /Users/wangmingyong/android/sdk/ndk-bundle/sources/cxx-stl/gnu-libstdc++/4.9/include -isystem /Users/wangmingyong/android/sdk/ndk-bundle/sources/cxx-stl/gnu-libstdc++/4.9/libs/armeabi-v7a/include -isystem /Users/wangmingyong/android/sdk/ndk-bundle/sources/cxx-stl/gnu-libstdc++/4.9/include/backward -isystem /Users/wangmingyong/android/sdk/ndk-bundle/sysroot/usr/include/arm-linux-androideabi -D __ANDROID_API__=19 -D ANDROID -isysroot /Users/wangmingyong/android/sdk/ndk-bundle/sysroot -internal-isystem /Users/wangmingyong/android/sdk/ndk-bundle/sysroot/usr/local/include -internal-isystem /Users/wangmingyong/android/sdk/ndk-bundle/toolchains/llvm/prebuilt/darwin-x86_64/lib64/clang/5.0.300080/include -internal-externc-isystem /Users/wangmingyong/android/sdk/ndk-bundle/sysroot/include -internal-externc-isystem /Users/wangmingyong/android/sdk/ndk-bundle/sysroot/usr/include -Wformat -Werror=format-security -std=c++98 -fdeprecated-macro -fno-dwarf-directory-asm -fdebug-compilation-dir /Users/wangmingyong/AndroidStudioProjects/jrtp-ffmpeg-camera/app/.externalNativeBuild/cmake/release/armeabi-v7a/CMakeFiles/CMakeTmp -ferror-limit 19 -fmessage-length 0 -femulated-tls -stack-protector 2 -fallow-half-arguments-and-returns -fno-signed-char -fobjc-runtime=gcc -fcxx-exceptions -fexceptions -fdiagnostics-show-option -o /var/folders/v5/3ql8db715qq12bk428dyn3c40000gn/T/feature_tests-4ed60f.s -x c++ /Users/wangmingyong/AndroidStudioProjects/jrtp-ffmpeg-camera/app/.externalNativeBuild/cmake/release/armeabi-v7a/CMakeFiles/feature_tests.cxx
clang -cc1 version 5.0.300080 based upon LLVM 5.0.300080 default target x86_64-apple-darwin16.6.0
ignoring nonexistent directory "/Users/wangmingyong/android/sdk/ndk-bundle/sysroot/usr/local/include"
ignoring nonexistent directory "/Users/wangmingyong/android/sdk/ndk-bundle/sysroot/include"
#include "..." search starts here:
#include <...> search starts here:
 /Users/wangmingyong/android/sdk/ndk-bundle/sources/cxx-stl/gnu-libstdc++/4.9/include
 /Users/wangmingyong/android/sdk/ndk-bundle/sources/cxx-stl/gnu-libstdc++/4.9/libs/armeabi-v7a/include
 /Users/wangmingyong/android/sdk/ndk-bundle/sources/cxx-stl/gnu-libstdc++/4.9/include/backward
 /Users/wangmingyong/android/sdk/ndk-bundle/sysroot/usr/include/arm-linux-androideabi
 /Users/wangmingyong/android/sdk/ndk-bundle/toolchains/llvm/prebuilt/darwin-x86_64/lib64/clang/5.0.300080/include
 /Users/wangmingyong/android/sdk/ndk-bundle/sysroot/usr/include
End of search list.
 "/Users/wangmingyong/android/sdk/ndk-bundle/toolchains/arm-linux-androideabi-4.9/prebuilt/darwin-x86_64/lib/gcc/arm-linux-androideabi/4.9.x/../../../../arm-linux-androideabi/bin/as" -mfpu=neon -mfloat-abi=softfp -march=armv7-a -mfpu=vfpv3-d16 --noexecstack -o CMakeFiles/cmTC_33318.dir/feature_tests.cxx.o /var/folders/v5/3ql8db715qq12bk428dyn3c40000gn/T/feature_tests-4ed60f.s
[2/2] Linking CXX executable cmTC_33318
Android clang version 5.0.300080  (based on LLVM 5.0.300080)
Target: armv7-none-linux-android
Thread model: posix
InstalledDir: /Users/wangmingyong/android/sdk/ndk-bundle/toolchains/llvm/prebuilt/darwin-x86_64/bin
Found candidate GCC installation: /Users/wangmingyong/android/sdk/ndk-bundle/toolchains/arm-linux-androideabi-4.9/prebuilt/darwin-x86_64/lib/gcc/arm-linux-androideabi/4.9.x
Selected GCC installation: /Users/wangmingyong/android/sdk/ndk-bundle/toolchains/arm-linux-androideabi-4.9/prebuilt/darwin-x86_64/lib/gcc/arm-linux-androideabi/4.9.x
Candidate multilib: thumb;@thumb
Candidate multilib: armv7-a;@armv7
Candidate multilib: armv7-a/thumb;@armv7@thumb
Candidate multilib: .;
Selected multilib: armv7-a/thumb;@armv7@thumb
 "/Users/wangmingyong/android/sdk/ndk-bundle/toolchains/arm-linux-androideabi-4.9/prebuilt/darwin-x86_64/lib/gcc/arm-linux-androideabi/4.9.x/../../../../arm-linux-androideabi/bin/ld" --sysroot=/Users/wangmingyong/android/sdk/ndk-bundle/platforms/android-19/arch-arm -pie -X --eh-frame-hdr -m armelf_linux_eabi -dynamic-linker /system/bin/linker -o cmTC_33318 /Users/wangmingyong/android/sdk/ndk-bundle/platforms/android-19/arch-arm/usr/lib/../lib/crtbegin_dynamic.o -L/Users/wangmingyong/android/sdk/ndk-bundle/toolchains/llvm/prebuilt/darwin-x86_64/lib64/clang/5.0.300080/lib/linux/arm -L/Users/wangmingyong/android/sdk/ndk-bundle/toolchains/arm-linux-androideabi-4.9/prebuilt/darwin-x86_64/lib/gcc/arm-linux-androideabi/4.9.x/armv7-a/thumb -L/Users/wangmingyong/android/sdk/ndk-bundle/toolchains/arm-linux-androideabi-4.9/prebuilt/darwin-x86_64/lib/gcc/arm-linux-androideabi/4.9.x/../../../../arm-linux-androideabi/lib/../lib/armv7-a/thumb -L/Users/wangmingyong/android/sdk/ndk-bundle/platforms/android-19/arch-arm/usr/lib/../lib -L/Users/wangmingyong/android/sdk/ndk-bundle/toolchains/arm-linux-androideabi-4.9/prebuilt/darwin-x86_64/lib/gcc/arm-linux-androideabi/4.9.x/../../../../arm-linux-androideabi/lib/armv7-a/thumb -L/Users/wangmingyong/android/sdk/ndk-bundle/platforms/android-19/arch-arm/usr/lib --exclude-libs libgcc.a --build-id --warn-shared-textrel --fatal-warnings --fix-cortex-a8 --no-undefined -z noexecstack -z relro -z now --gc-sections -z nocopyreloc CMakeFiles/cmTC_33318.dir/feature_tests.cxx.o -lm /Users/wangmingyong/android/sdk/ndk-bundle/sources/cxx-stl/gnu-libstdc++/4.9/libs/armeabi-v7a/libgnustl_static.a -lstdc++ -lm -lgcc -lgcc -ldl -lc -lgcc -lgcc -ldl /Users/wangmingyong/android/sdk/ndk-bundle/platforms/android-19/arch-arm/usr/lib/../lib/crtend_android.o


    Feature record: CXX_FEATURE:0cxx_aggregate_default_initializers
    Feature record: CXX_FEATURE:0cxx_alias_templates
    Feature record: CXX_FEATURE:0cxx_alignas
    Feature record: CXX_FEATURE:0cxx_alignof
    Feature record: CXX_FEATURE:0cxx_attributes
    Feature record: CXX_FEATURE:0cxx_attribute_deprecated
    Feature record: CXX_FEATURE:0cxx_auto_type
    Feature record: CXX_FEATURE:0cxx_binary_literals
    Feature record: CXX_FEATURE:0cxx_constexpr
    Feature record: CXX_FEATURE:0cxx_contextual_conversions
    Feature record: CXX_FEATURE:0cxx_decltype
    Feature record: CXX_FEATURE:0cxx_decltype_auto
    Feature record: CXX_FEATURE:0cxx_decltype_incomplete_return_types
    Feature record: CXX_FEATURE:0cxx_default_function_template_args
    Feature record: CXX_FEATURE:0cxx_defaulted_functions
    Feature record: CXX_FEATURE:0cxx_defaulted_move_initializers
    Feature record: CXX_FEATURE:0cxx_delegating_constructors
    Feature record: CXX_FEATURE:0cxx_deleted_functions
    Feature record: CXX_FEATURE:0cxx_digit_separators
    Feature record: CXX_FEATURE:0cxx_enum_forward_declarations
    Feature record: CXX_FEATURE:0cxx_explicit_conversions
    Feature record: CXX_FEATURE:0cxx_extended_friend_declarations
    Feature record: CXX_FEATURE:0cxx_extern_templates
    Feature record: CXX_FEATURE:0cxx_final
    Feature record: CXX_FEATURE:0cxx_func_identifier
    Feature record: CXX_FEATURE:0cxx_generalized_initializers
    Feature record: CXX_FEATURE:0cxx_generic_lambdas
    Feature record: CXX_FEATURE:0cxx_inheriting_constructors
    Feature record: CXX_FEATURE:0cxx_inline_namespaces
    Feature record: CXX_FEATURE:0cxx_lambdas
    Feature record: CXX_FEATURE:0cxx_lambda_init_captures
    Feature record: CXX_FEATURE:0cxx_local_type_template_args
    Feature record: CXX_FEATURE:0cxx_long_long_type
    Feature record: CXX_FEATURE:0cxx_noexcept
    Feature record: CXX_FEATURE:0cxx_nonstatic_member_init
    Feature record: CXX_FEATURE:0cxx_nullptr
    Feature record: CXX_FEATURE:0cxx_override
    Feature record: CXX_FEATURE:0cxx_range_for
    Feature record: CXX_FEATURE:0cxx_raw_string_literals
    Feature record: CXX_FEATURE:0cxx_reference_qualified_functions
    Feature record: CXX_FEATURE:0cxx_relaxed_constexpr
    Feature record: CXX_FEATURE:0cxx_return_type_deduction
    Feature record: CXX_FEATURE:0cxx_right_angle_brackets
    Feature record: CXX_FEATURE:0cxx_rvalue_references
    Feature record: CXX_FEATURE:0cxx_sizeof_member
    Feature record: CXX_FEATURE:0cxx_static_assert
    Feature record: CXX_FEATURE:0cxx_strong_enums
    Feature record: CXX_FEATURE:1cxx_template_template_parameters
    Feature record: CXX_FEATURE:0cxx_thread_local
    Feature record: CXX_FEATURE:0cxx_trailing_return_types
    Feature record: CXX_FEATURE:0cxx_unicode_literals
    Feature record: CXX_FEATURE:0cxx_uniform_initialization
    Feature record: CXX_FEATURE:0cxx_unrestricted_unions
    Feature record: CXX_FEATURE:0cxx_user_literals
    Feature record: CXX_FEATURE:0cxx_variable_templates
    Feature record: CXX_FEATURE:0cxx_variadic_macros
    Feature record: CXX_FEATURE:0cxx_variadic_templates
